#
# There is insufficient memory for the Java Runtime Environment to continue.
# Native memory allocation (malloc) failed to allocate 1105936 bytes for Chunk::new
# Possible reasons:
#   The system is out of physical RAM or swap space
#   In 32 bit mode, the process size limit was hit
# Possible solutions:
#   Reduce memory load on the system
#   Increase physical memory or swap space
#   Check if swap backing store is full
#   Use 64 bit Java on a 64 bit OS
#   Decrease Java heap size (-Xmx/-Xms)
#   Decrease number of Java threads
#   Decrease Java thread stack sizes (-Xss)
#   Set larger code cache with -XX:ReservedCodeCacheSize=
# This output file may be truncated or incomplete.
#
#  Out of Memory Error (allocation.cpp:390), pid=10564, tid=0x0000000000000d98
#
# JRE version: OpenJDK Runtime Environment (8.0_152-b01) (build 1.8.0_152-release-1343-b01)
# Java VM: OpenJDK 64-Bit Server VM (25.152-b01 mixed mode windows-amd64 compressed oops)
# Failed to write core dump. Minidumps are not enabled by default on client versions of Windows
#

---------------  T H R E A D  ---------------

Current thread (0x00000000163ad000):  JavaThread "C2 CompilerThread1" daemon [_thread_in_native, id=3480, stack(0x0000000017b10000,0x0000000017c10000)]

Stack: [0x0000000017b10000,0x0000000017c10000]
[error occurred during error reporting (printing stack bounds), id 0xc0000005]

Native frames: (J=compiled Java code, j=interpreted, Vv=VM code, C=native code)


Current CompileTask:
C2: 282711 16281       4       com.android.tools.r8.graph.DexMethod::collectIndexedItems (18 bytes)


---------------  P R O C E S S  ---------------

Java Threads: ( => current thread )
  0x00000000185a6000 JavaThread "ForkJoinPool-2-worker-0" daemon [_thread_in_Java, id=12652, stack(0x000000002c250000,0x000000002c350000)]
  0x00000000185a1800 JavaThread "ForkJoinPool-2-worker-3" daemon [_thread_blocked, id=3312, stack(0x000000002c150000,0x000000002c250000)]
  0x00000000185a2000 JavaThread "ForkJoinPool-2-worker-2" daemon [_thread_blocked, id=9952, stack(0x000000002c050000,0x000000002c150000)]
  0x000000001b1b7800 JavaThread "ForkJoinPool-2-worker-1" daemon [_thread_blocked, id=12812, stack(0x000000002bf50000,0x000000002c050000)]
  0x000000001d9ea000 JavaThread "ForkJoinPool.commonPool-worker-0" daemon [_thread_blocked, id=11340, stack(0x000000002be50000,0x000000002bf50000)]
  0x0000000019572000 JavaThread "Cache worker for Java compile cache (C:\Users\Daud\AndroidStudioProjects\AdmissionHelper\.gradle\5.1.1\javaCompile)" [_thread_blocked, id=4472, stack(0x000000002bd50000,0x000000002be50000)]
  0x000000001d9f5800 JavaThread "stdout" daemon [_thread_in_native, id=5696, stack(0x000000002bc50000,0x000000002bd50000)]
  0x000000001d9f2800 JavaThread "stderr" daemon [_thread_in_native, id=5540, stack(0x000000002bb50000,0x000000002bc50000)]
  0x000000001d9f6000 JavaThread "stdout" daemon [_thread_in_native, id=2924, stack(0x000000002ba50000,0x000000002bb50000)]
  0x000000001d9f4800 JavaThread "stderr" daemon [_thread_in_native, id=13148, stack(0x000000002b950000,0x000000002ba50000)]
  0x000000001d9f8800 JavaThread "stdout" daemon [_thread_in_native, id=11084, stack(0x000000002b850000,0x000000002b950000)]
  0x000000001d9f8000 JavaThread "stderr" daemon [_thread_in_native, id=2216, stack(0x000000002b750000,0x000000002b850000)]
  0x000000001d9f7000 JavaThread "pool-8-thread-1" [_thread_blocked, id=2140, stack(0x000000002b650000,0x000000002b750000)]
  0x000000001d9eb000 JavaThread "MarlinRenderer Disposer" daemon [_thread_blocked, id=9144, stack(0x000000002b550000,0x000000002b650000)]
  0x000000001d9f1800 JavaThread "Java2D Disposer" daemon [_thread_blocked, id=10420, stack(0x000000002b450000,0x000000002b550000)]
  0x000000001d9ef800 JavaThread "ForkJoinPool.commonPool-worker-3" daemon [_thread_blocked, id=11180, stack(0x000000002b150000,0x000000002b250000)]
  0x000000001d9f0000 JavaThread "ForkJoinPool.commonPool-worker-1" daemon [_thread_blocked, id=3408, stack(0x000000002af50000,0x000000002b050000)]
  0x000000001b1b6800 JavaThread "Cache worker for execution history cache (C:\Users\Daud\AndroidStudioProjects\AdmissionHelper\.gradle\5.1.1\executionHistory)" [_thread_blocked, id=604, stack(0x000000002ae50000,0x000000002af50000)]
  0x000000001b1b5000 JavaThread "Execution worker for ':' Thread 3" [_thread_blocked, id=8336, stack(0x000000002ad50000,0x000000002ae50000)]
  0x000000001b1b2000 JavaThread "Execution worker for ':' Thread 2" [_thread_blocked, id=5824, stack(0x000000002ac50000,0x000000002ad50000)]
  0x000000001b1b1800 JavaThread "Execution worker for ':'" [_thread_blocked, id=1340, stack(0x000000002ab50000,0x000000002ac50000)]
  0x000000001b1b3000 JavaThread "Cache worker for file content cache (C:\Users\Daud\AndroidStudioProjects\AdmissionHelper\.gradle\5.1.1\fileContent)" [_thread_blocked, id=13108, stack(0x000000002aa50000,0x000000002ab50000)]
  0x000000001b1b4800 JavaThread "Cache worker for Build Output Cleanup Cache (C:\Users\Daud\AndroidStudioProjects\AdmissionHelper\.gradle\buildOutputCleanup)" [_thread_blocked, id=5432, stack(0x000000002a950000,0x000000002aa50000)]
  0x000000001b1b6000 JavaThread "Build operations Thread 4" [_thread_blocked, id=5836, stack(0x000000002a850000,0x000000002a950000)]
  0x000000001b1aa000 JavaThread "Build operations Thread 3" [_thread_blocked, id=11300, stack(0x000000002a750000,0x000000002a850000)]
  0x000000001b1b0800 JavaThread "Build operations Thread 2" [_thread_blocked, id=4916, stack(0x000000002a650000,0x000000002a750000)]
  0x000000001b1a9000 JavaThread "Build operations" [_thread_blocked, id=12412, stack(0x000000002a550000,0x000000002a650000)]
  0x000000001b1ad800 JavaThread "Cache worker for cache directory md-rule (C:\Users\Daud\.gradle\caches\5.1.1\md-rule)" [_thread_blocked, id=5172, stack(0x000000002a450000,0x000000002a550000)]
  0x000000001b1b0000 JavaThread "Cache worker for cache directory md-supplier (C:\Users\Daud\.gradle\caches\5.1.1\md-supplier)" [_thread_blocked, id=6888, stack(0x000000002a350000,0x000000002a450000)]
  0x000000001b1ad000 JavaThread "Cache worker for file hash cache (C:\Users\Daud\AndroidStudioProjects\AdmissionHelper\.gradle\5.1.1\fileHashes)" [_thread_blocked, id=4068, stack(0x000000002a250000,0x000000002a350000)]
  0x000000001b1ac000 JavaThread "Thread-68" [_thread_blocked, id=1044, stack(0x000000002a150000,0x000000002a250000)]
  0x000000001b1ab800 JavaThread "Stdin handler" [_thread_blocked, id=11476, stack(0x000000002a050000,0x000000002a150000)]
  0x000000001b1a8800 JavaThread "Asynchronous log dispatcher for DefaultDaemonConnection: socket connection from /127.0.0.1:60926 to /127.0.0.1:61033" [_thread_blocked, id=3672, stack(0x0000000029f50000,0x000000002a050000)]
  0x000000001b1af000 JavaThread "Cancel handler" [_thread_blocked, id=11008, stack(0x0000000029e50000,0x0000000029f50000)]
  0x000000001b1aa800 JavaThread "Handler for socket connection from /127.0.0.1:60926 to /127.0.0.1:61033" [_thread_in_native, id=5332, stack(0x0000000029d50000,0x0000000029e50000)]
  0x000000001d9ec800 JavaThread "Daemon worker Thread 2" [_thread_blocked, id=8852, stack(0x0000000026480000,0x0000000026580000)]
  0x000000001d9e9800 JavaThread "Daemon Thread 2" [_thread_blocked, id=4640, stack(0x0000000026180000,0x0000000026280000)]
  0x000000001d9f4000 JavaThread "Cache worker for Java compile cache (C:\Users\Daud\.gradle\caches\5.1.1\javaCompile)" [_thread_blocked, id=10656, stack(0x0000000024090000,0x0000000024190000)]
  0x000000001d9f1000 JavaThread "Cache worker for file content cache (C:\Users\Daud\.gradle\caches\5.1.1\fileContent)" [_thread_blocked, id=1980, stack(0x0000000023480000,0x0000000023580000)]
  0x000000001d9ee000 JavaThread "Memory manager" [_thread_blocked, id=9784, stack(0x0000000023180000,0x0000000023280000)]
  0x000000001d9ee800 JavaThread "Cache worker for execution history cache (C:\Users\Daud\.gradle\caches\5.1.1\executionHistory)" [_thread_blocked, id=10948, stack(0x00000000202c0000,0x00000000203c0000)]
  0x0000000019572800 JavaThread "Cache worker for journal cache (C:\Users\Daud\.gradle\caches\journal-1)" [_thread_blocked, id=9276, stack(0x000000001ae60000,0x000000001af60000)]
  0x000000001956f800 JavaThread "File lock request listener" [_thread_in_native, id=12396, stack(0x000000001ad60000,0x000000001ae60000)]
  0x00000000196a1800 JavaThread "Cache worker for file hash cache (C:\Users\Daud\.gradle\caches\5.1.1\fileHashes)" [_thread_blocked, id=9948, stack(0x000000001ac60000,0x000000001ad60000)]
  0x0000000019055800 JavaThread "Daemon periodic checks" [_thread_blocked, id=6960, stack(0x000000001a260000,0x000000001a360000)]
  0x0000000019054000 JavaThread "Incoming local TCP Connector on port 60926" [_thread_in_native, id=5072, stack(0x000000001a020000,0x000000001a120000)]
  0x0000000017d38800 JavaThread "Service Thread" daemon [_thread_blocked, id=5960, stack(0x0000000018110000,0x0000000018210000)]
  0x00000000163b5000 JavaThread "C1 CompilerThread2" daemon [_thread_blocked, id=7916, stack(0x0000000017c10000,0x0000000017d10000)]
=>0x00000000163ad000 JavaThread "C2 CompilerThread1" daemon [_thread_in_native, id=3480, stack(0x0000000017b10000,0x0000000017c10000)]
  0x00000000163b9000 JavaThread "C2 CompilerThread0" daemon [_thread_in_native, id=12172, stack(0x0000000017a10000,0x0000000017b10000)]
  0x00000000163b7800 JavaThread "Attach Listener" daemon [_thread_blocked, id=1236, stack(0x0000000017910000,0x0000000017a10000)]
  0x00000000163b6800 JavaThread "Signal Dispatcher" daemon [_thread_blocked, id=6292, stack(0x0000000017810000,0x0000000017910000)]
  0x0000000002a3d000 JavaThread "Finalizer" daemon [_thread_blocked, id=9076, stack(0x0000000017610000,0x0000000017710000)]
  0x0000000002a32800 JavaThread "Reference Handler" daemon [_thread_blocked, id=12576, stack(0x0000000017510000,0x0000000017610000)]
  0x000000000293e000 JavaThread "main" [_thread_blocked, id=2484, stack(0x0000000002740000,0x0000000002840000)]

Other Threads:
  0x0000000016376000 VMThread [stack: 0x0000000017410000,0x0000000017510000] [id=12568]
  0x000000001640d800 WatcherThread [stack: 0x0000000018210000,0x0000000018310000] [id=864]

VM state:not at safepoint (normal execution)

VM Mutex/Monitor currently owned by a thread: None

Heap:
 PSYoungGen      total 224768K, used 98071K [0x00000000e0000000, 0x00000000f0380000, 0x0000000100000000)
  eden space 187904K, 38% used [0x00000000e0000000,0x00000000e46cfb28,0x00000000eb780000)
  from space 36864K, 69% used [0x00000000edd80000,0x00000000ef6761c0,0x00000000f0180000)
  to   space 38912K, 0% used [0x00000000eb780000,0x00000000eb780000,0x00000000edd80000)
 ParOldGen       total 185344K, used 92007K [0x00000000a0000000, 0x00000000ab500000, 0x00000000e0000000)
  object space 185344K, 49% used [0x00000000a0000000,0x00000000a59d9fc8,0x00000000ab500000)
 Metaspace       used 89628K, capacity 92892K, committed 93080K, reserved 1130496K
  class space    used 11487K, capacity 12180K, committed 12200K, reserved 1048576K

Card table byte_map: [0x0000000011e00000,0x0000000012110000] byte_map_base: 0x0000000011900000

Marking Bits: (ParMarkBitMap*) 0x0000000053bc5aa0
 Begin Bits: [0x0000000012710000, 0x0000000013f10000)
 End Bits:   [0x0000000013f10000, 0x0000000015710000)

Polling page: 0x00000000005f0000

CodeCache: size=245760Kb used=46038Kb max_used=46267Kb free=199721Kb
 bounds [0x0000000002a40000, 0x0000000005800000, 0x0000000011a40000]
 total_blobs=14527 nmethods=13554 adapters=885
 compilation: enabled

Compilation events (10 events):
Event: 282.606 Thread 0x00000000163b5000 16288       2       com.android.tools.r8.code.MoveWide::collectIndexedItems (8 bytes)
Event: 282.606 Thread 0x00000000163b5000 nmethod 16288 0x0000000004b08510 code [0x0000000004b08660, 0x0000000004b087b0]
Event: 282.606 Thread 0x00000000163b5000 16289       2       com.android.tools.r8.code.AndInt::collectIndexedItems (8 bytes)
Event: 282.606 Thread 0x00000000163b5000 nmethod 16289 0x0000000004b081d0 code [0x0000000004b08320, 0x0000000004b08470]
Event: 282.607 Thread 0x00000000163b5000 16290       2       com.android.tools.r8.graph.DexValue$DexValueBoolean::collectIndexedItems (8 bytes)
Event: 282.607 Thread 0x00000000163b5000 nmethod 16290 0x0000000004b07e90 code [0x0000000004b07fe0, 0x0000000004b08130]
Event: 282.638 Thread 0x00000000163b9000 nmethod 16201 0x00000000057e6610 code [0x00000000057e8420, 0x00000000057f1928]
Event: 282.638 Thread 0x00000000163b9000 16283       4       com.android.tools.r8.graph.DexCode::collectIndexedItems (198 bytes)
Event: 282.671 Thread 0x00000000163b9000 nmethod 16283 0x000000000461d510 code [0x000000000461d6e0, 0x000000000461e350]
Event: 282.671 Thread 0x00000000163b9000 16239       4       java.util.TimSort::mergeLo (659 bytes)

GC Heap History (10 events):
Event: 32.790 GC heap before
{Heap before GC invocations=22 (full 4):
 PSYoungGen      total 165888K, used 147424K [0x00000000e0000000, 0x00000000eee00000, 0x0000000100000000)
  eden space 146432K, 100% used [0x00000000e0000000,0x00000000e8f00000,0x00000000e8f00000)
  from space 19456K, 5% used [0x00000000e8f00000,0x00000000e8ff80e8,0x00000000ea200000)
  to   space 38400K, 0% used [0x00000000ec880000,0x00000000ec880000,0x00000000eee00000)
 ParOldGen       total 185344K, used 90959K [0x00000000a0000000, 0x00000000ab500000, 0x00000000e0000000)
  object space 185344K, 49% used [0x00000000a0000000,0x00000000a58d3fc8,0x00000000ab500000)
 Metaspace       used 78211K, capacity 80960K, committed 81048K, reserved 1120256K
  class space    used 10576K, capacity 11146K, committed 11176K, reserved 1048576K
Event: 32.819 GC heap after
Heap after GC invocations=22 (full 4):
 PSYoungGen      total 196096K, used 5810K [0x00000000e0000000, 0x00000000ee880000, 0x0000000100000000)
  eden space 163328K, 0% used [0x00000000e0000000,0x00000000e0000000,0x00000000e9f80000)
  from space 32768K, 17% used [0x00000000ec880000,0x00000000ece2cad8,0x00000000ee880000)
  to   space 37376K, 0% used [0x00000000e9f80000,0x00000000e9f80000,0x00000000ec400000)
 ParOldGen       total 185344K, used 91975K [0x00000000a0000000, 0x00000000ab500000, 0x00000000e0000000)
  object space 185344K, 49% used [0x00000000a0000000,0x00000000a59d1fc8,0x00000000ab500000)
 Metaspace       used 78211K, capacity 80960K, committed 81048K, reserved 1120256K
  class space    used 10576K, capacity 11146K, committed 11176K, reserved 1048576K
}
Event: 220.727 GC heap before
{Heap before GC invocations=23 (full 4):
 PSYoungGen      total 196096K, used 169138K [0x00000000e0000000, 0x00000000ee880000, 0x0000000100000000)
  eden space 163328K, 100% used [0x00000000e0000000,0x00000000e9f80000,0x00000000e9f80000)
  from space 32768K, 17% used [0x00000000ec880000,0x00000000ece2cad8,0x00000000ee880000)
  to   space 37376K, 0% used [0x00000000e9f80000,0x00000000e9f80000,0x00000000ec400000)
 ParOldGen       total 185344K, used 91975K [0x00000000a0000000, 0x00000000ab500000, 0x00000000e0000000)
  object space 185344K, 49% used [0x00000000a0000000,0x00000000a59d1fc8,0x00000000ab500000)
 Metaspace       used 83848K, capacity 86866K, committed 87064K, reserved 1124352K
  class space    used 11049K, capacity 11689K, committed 11816K, reserved 1048576K
Event: 220.770 GC heap after
Heap after GC invocations=23 (full 4):
 PSYoungGen      total 200704K, used 13675K [0x00000000e0000000, 0x00000000ef380000, 0x0000000100000000)
  eden space 163328K, 0% used [0x00000000e0000000,0x00000000e0000000,0x00000000e9f80000)
  from space 37376K, 36% used [0x00000000e9f80000,0x00000000eacdad90,0x00000000ec400000)
  to   space 35328K, 0% used [0x00000000ed100000,0x00000000ed100000,0x00000000ef380000)
 ParOldGen       total 185344K, used 91983K [0x00000000a0000000, 0x00000000ab500000, 0x00000000e0000000)
  object space 185344K, 49% used [0x00000000a0000000,0x00000000a59d3fc8,0x00000000ab500000)
 Metaspace       used 83848K, capacity 86866K, committed 87064K, reserved 1124352K
  class space    used 11049K, capacity 11689K, committed 11816K, reserved 1048576K
}
Event: 267.742 GC heap before
{Heap before GC invocations=24 (full 4):
 PSYoungGen      total 200704K, used 177003K [0x00000000e0000000, 0x00000000ef380000, 0x0000000100000000)
  eden space 163328K, 100% used [0x00000000e0000000,0x00000000e9f80000,0x00000000e9f80000)
  from space 37376K, 36% used [0x00000000e9f80000,0x00000000eacdad90,0x00000000ec400000)
  to   space 35328K, 0% used [0x00000000ed100000,0x00000000ed100000,0x00000000ef380000)
 ParOldGen       total 185344K, used 91983K [0x00000000a0000000, 0x00000000ab500000, 0x00000000e0000000)
  object space 185344K, 49% used [0x00000000a0000000,0x00000000a59d3fc8,0x00000000ab500000)
 Metaspace       used 84898K, capacity 88112K, committed 88344K, reserved 1126400K
  class space    used 11122K, capacity 11804K, committed 11816K, reserved 1048576K
Event: 267.760 GC heap after
Heap after GC invocations=24 (full 4):
 PSYoungGen      total 204800K, used 8026K [0x00000000e0000000, 0x00000000eed80000, 0x0000000100000000)
  eden space 175616K, 0% used [0x00000000e0000000,0x00000000e0000000,0x00000000eab80000)
  from space 29184K, 27% used [0x00000000ed100000,0x00000000ed8d6940,0x00000000eed80000)
  to   space 33792K, 0% used [0x00000000eab80000,0x00000000eab80000,0x00000000ecc80000)
 ParOldGen       total 185344K, used 91991K [0x00000000a0000000, 0x00000000ab500000, 0x00000000e0000000)
  object space 185344K, 49% used [0x00000000a0000000,0x00000000a59d5fc8,0x00000000ab500000)
 Metaspace       used 84898K, capacity 88112K, committed 88344K, reserved 1126400K
  class space    used 11122K, capacity 11804K, committed 11816K, reserved 1048576K
}
Event: 271.731 GC heap before
{Heap before GC invocations=25 (full 4):
 PSYoungGen      total 204800K, used 183642K [0x00000000e0000000, 0x00000000eed80000, 0x0000000100000000)
  eden space 175616K, 100% used [0x00000000e0000000,0x00000000eab80000,0x00000000eab80000)
  from space 29184K, 27% used [0x00000000ed100000,0x00000000ed8d6940,0x00000000eed80000)
  to   space 33792K, 0% used [0x00000000eab80000,0x00000000eab80000,0x00000000ecc80000)
 ParOldGen       total 185344K, used 91991K [0x00000000a0000000, 0x00000000ab500000, 0x00000000e0000000)
  object space 185344K, 49% used [0x00000000a0000000,0x00000000a59d5fc8,0x00000000ab500000)
 Metaspace       used 88368K, capacity 91572K, committed 91800K, reserved 1128448K
  class space    used 11451K, capacity 12138K, committed 12200K, reserved 1048576K
Event: 271.780 GC heap after
Heap after GC invocations=25 (full 4):
 PSYoungGen      total 209408K, used 26202K [0x00000000e0000000, 0x00000000f0180000, 0x0000000100000000)
  eden space 175616K, 0% used [0x00000000e0000000,0x00000000e0000000,0x00000000eab80000)
  from space 33792K, 77% used [0x00000000eab80000,0x00000000ec516b50,0x00000000ecc80000)
  to   space 36864K, 0% used [0x00000000edd80000,0x00000000edd80000,0x00000000f0180000)
 ParOldGen       total 185344K, used 91999K [0x00000000a0000000, 0x00000000ab500000, 0x00000000e0000000)
  object space 185344K, 49% used [0x00000000a0000000,0x00000000a59d7fc8,0x00000000ab500000)
 Metaspace       used 88368K, capacity 91572K, committed 91800K, reserved 1128448K
  class space    used 11451K, capacity 12138K, committed 12200K, reserved 1048576K
}
Event: 281.914 GC heap before
{Heap before GC invocations=26 (full 4):
 PSYoungGen      total 209408K, used 201818K [0x00000000e0000000, 0x00000000f0180000, 0x0000000100000000)
  eden space 175616K, 100% used [0x00000000e0000000,0x00000000eab80000,0x00000000eab80000)
  from space 33792K, 77% used [0x00000000eab80000,0x00000000ec516b50,0x00000000ecc80000)
  to   space 36864K, 0% used [0x00000000edd80000,0x00000000edd80000,0x00000000f0180000)
 ParOldGen       total 185344K, used 91999K [0x00000000a0000000, 0x00000000ab500000, 0x00000000e0000000)
  object space 185344K, 49% used [0x00000000a0000000,0x00000000a59d7fc8,0x00000000ab500000)
 Metaspace       used 89573K, capacity 92818K, committed 93080K, reserved 1130496K
  class space    used 11482K, capacity 12179K, committed 12200K, reserved 1048576K
Event: 281.948 GC heap after
Heap after GC invocations=26 (full 4):
 PSYoungGen      total 224768K, used 25560K [0x00000000e0000000, 0x00000000f0380000, 0x0000000100000000)
  eden space 187904K, 0% used [0x00000000e0000000,0x00000000e0000000,0x00000000eb780000)
  from space 36864K, 69% used [0x00000000edd80000,0x00000000ef6761c0,0x00000000f0180000)
  to   space 38912K, 0% used [0x00000000eb780000,0x00000000eb780000,0x00000000edd80000)
 ParOldGen       total 185344K, used 92007K [0x00000000a0000000, 0x00000000ab500000, 0x00000000e0000000)
  object space 185344K, 49% used [0x00000000a0000000,0x00000000a59d9fc8,0x00000000ab500000)
 Metaspace       used 89573K, capacity 92818K, committed 93080K, reserved 1130496K
  class space    used 11482K, capacity 12179K, committed 12200K, reserved 1048576K
}

Deoptimization events (10 events):
Event: 282.447 Thread 0x000000001b1b7800 Uncommon trap: reason=unstable_if action=reinterpret pc=0x000000000435655c method=com.android.tools.r8.dex.VirtualFile$IndexedItemTransaction.maybeInsert(Lcom/android/tools/r8/graph/DexItem;Ljava/util/Set;Ljava/util/Set;)Z @ 7
Event: 282.447 Thread 0x000000001b1b7800 Uncommon trap: reason=unstable_if action=reinterpret pc=0x000000000437dcc4 method=com.android.tools.r8.dex.VirtualFile$IndexedItemTransaction.maybeInsert(Lcom/android/tools/r8/graph/DexItem;Ljava/util/Set;Ljava/util/Set;)Z @ 7
Event: 282.447 Thread 0x000000001b1b7800 Uncommon trap: reason=unstable_if action=reinterpret pc=0x000000000438bde0 method=com.android.tools.r8.dex.VirtualFile$IndexedItemTransaction.maybeInsert(Lcom/android/tools/r8/graph/DexItem;Ljava/util/Set;Ljava/util/Set;)Z @ 7
Event: 282.449 Thread 0x000000001b1b7800 Uncommon trap: reason=unstable_if action=reinterpret pc=0x00000000043c7b80 method=com.android.tools.r8.dex.VirtualFile$IndexedItemTransaction.maybeInsert(Lcom/android/tools/r8/graph/DexItem;Ljava/util/Set;Ljava/util/Set;)Z @ 7
Event: 282.449 Thread 0x000000001b1b7800 Uncommon trap: reason=unstable_if action=reinterpret pc=0x00000000043a3308 method=com.android.tools.r8.dex.VirtualFile$IndexedItemTransaction.maybeInsert(Lcom/android/tools/r8/graph/DexItem;Ljava/util/Set;Ljava/util/Set;)Z @ 7
Event: 282.451 Thread 0x000000001b1b7800 Uncommon trap: reason=unstable_if action=reinterpret pc=0x00000000043b9424 method=com.android.tools.r8.dex.VirtualFile$IndexedItemTransaction.maybeInsert(Lcom/android/tools/r8/graph/DexItem;Ljava/util/Set;Ljava/util/Set;)Z @ 7
Event: 282.452 Thread 0x000000001b1b7800 Uncommon trap: reason=unstable_if action=reinterpret pc=0x00000000044a0404 method=com.android.tools.r8.dex.VirtualFile$IndexedItemTransaction.maybeInsert(Lcom/android/tools/r8/graph/DexItem;Ljava/util/Set;Ljava/util/Set;)Z @ 7
Event: 282.452 Thread 0x000000001b1b7800 Uncommon trap: reason=unstable_if action=reinterpret pc=0x00000000043da558 method=com.android.tools.r8.dex.VirtualFile$IndexedItemTransaction.maybeInsert(Lcom/android/tools/r8/graph/DexItem;Ljava/util/Set;Ljava/util/Set;)Z @ 7
Event: 282.453 Thread 0x000000001b1b7800 Uncommon trap: reason=unstable_if action=reinterpret pc=0x00000000043fb990 method=com.android.tools.r8.dex.VirtualFile$IndexedItemTransaction.maybeInsert(Lcom/android/tools/r8/graph/DexItem;Ljava/util/Set;Ljava/util/Set;)Z @ 7
Event: 282.455 Thread 0x000000001b1b7800 Uncommon trap: reason=unstable_if action=reinterpret pc=0x000000000435e7fc method=com.android.tools.r8.dex.VirtualFile$IndexedItemTransaction.maybeInsert(Lcom/android/tools/r8/graph/DexItem;Ljava/util/Set;Ljava/util/Set;)Z @ 7

Classes redefined (0 events):
No events

Internal exceptions (10 events):
Event: 268.422 Thread 0x000000001b1b5000 Exception <a 'sun/nio/fs/WindowsException'> (0x00000000e2490c08) thrown at [D:\src\AOSP-openjdk-cygwin\jdk8u\hotspot\src\share\vm\prims\jni.cpp, line 709]
Event: 268.434 Thread 0x000000001b1b5000 Exception <a 'sun/nio/fs/WindowsException'> (0x00000000e24e4c50) thrown at [D:\src\AOSP-openjdk-cygwin\jdk8u\hotspot\src\share\vm\prims\jni.cpp, line 709]
Event: 270.064 Thread 0x000000001d9ec800 Implicit null exception at 0x0000000004f8b719 to 0x0000000004f8c23d
Event: 270.512 Thread 0x000000001d9f0000 Exception <a 'java/io/FileNotFoundException'> (0x00000000e8991b60) thrown at [D:\src\AOSP-openjdk-cygwin\jdk8u\hotspot\src\share\vm\prims\jni.cpp, line 709]
Event: 270.580 Thread 0x000000001d9f0000 Exception <a 'java/io/FileNotFoundException'> (0x00000000e8e6ac38) thrown at [D:\src\AOSP-openjdk-cygwin\jdk8u\hotspot\src\share\vm\prims\jni.cpp, line 709]
Event: 270.762 Thread 0x000000001d9ec800 Implicit null exception at 0x0000000004a54887 to 0x0000000004a5648d
Event: 271.848 Thread 0x000000001d9ec800 Implicit null exception at 0x00000000051089fa to 0x0000000005106429
Event: 275.868 Thread 0x000000001d9ec800 Implicit null exception at 0x0000000004f95210 to 0x0000000004f95d20
Event: 281.350 Thread 0x000000001d9ec800 Exception <a 'sun/nio/fs/WindowsException'> (0x00000000e830c658) thrown at [D:\src\AOSP-openjdk-cygwin\jdk8u\hotspot\src\share\vm\prims\jni.cpp, line 709]
Event: 281.884 Thread 0x000000001b1b7800 Exception <a 'sun/nio/fs/WindowsException'> (0x00000000ea13e9c8) thrown at [D:\src\AOSP-openjdk-cygwin\jdk8u\hotspot\src\share\vm\prims\jni.cpp, line 709]

Events (10 events):
Event: 282.452 Thread 0x000000001b1b7800 DEOPT PACKING pc=0x00000000043da558 sp=0x000000002c04e2d0
Event: 282.453 Thread 0x000000001b1b7800 DEOPT UNPACKING pc=0x0000000002a8557b sp=0x000000002c04e1b8 mode 2
Event: 282.453 Thread 0x000000001b1b7800 Uncommon trap: trap_request=0xffffff65 fr.pc=0x00000000043fb990
Event: 282.453 Thread 0x000000001b1b7800 DEOPT PACKING pc=0x00000000043fb990 sp=0x000000002c04e250
Event: 282.454 Thread 0x000000001b1b7800 DEOPT UNPACKING pc=0x0000000002a8557b sp=0x000000002c04e1b8 mode 2
Event: 282.455 Thread 0x000000001b1b7800 Uncommon trap: trap_request=0xffffff65 fr.pc=0x000000000435e7fc
Event: 282.455 Thread 0x000000001b1b7800 DEOPT PACKING pc=0x000000000435e7fc sp=0x000000002c04e420
Event: 282.455 Thread 0x000000001b1b7800 DEOPT UNPACKING pc=0x0000000002a8557b sp=0x000000002c04dfb8 mode 2
Event: 282.473 Thread 0x000000001b1b7800 DEOPT PACKING pc=0x0000000004971c02 sp=0x000000002c04e330
Event: 282.473 Thread 0x000000001b1b7800 DEOPT UNPACKING pc=0x0000000002a875d0 sp=0x000000002c04e140 mode 0


Dynamic libraries:
0x00007ff6c7c20000 - 0x00007ff6c7c51000 	C:\Program Files\Android\Android Studio\jre\bin\java.exe
0x00007fffd3d00000 - 0x00007fffd3eed000 	C:\WINDOWS\SYSTEM32\ntdll.dll
0x00007fffd2e50000 - 0x00007fffd2f03000 	C:\WINDOWS\System32\KERNEL32.DLL
0x00007fffd0af0000 - 0x00007fffd0d83000 	C:\WINDOWS\System32\KERNELBASE.dll
0x00007fffd3ae0000 - 0x00007fffd3b83000 	C:\WINDOWS\System32\ADVAPI32.dll
0x00007fffd1700000 - 0x00007fffd179e000 	C:\WINDOWS\System32\msvcrt.dll
0x00007fffd30e0000 - 0x00007fffd317e000 	C:\WINDOWS\System32\sechost.dll
0x00007fffd3250000 - 0x00007fffd3372000 	C:\WINDOWS\System32\RPCRT4.dll
0x00007fffd3460000 - 0x00007fffd35f7000 	C:\WINDOWS\System32\USER32.dll
0x00007fffd0ad0000 - 0x00007fffd0af0000 	C:\WINDOWS\System32\win32u.dll
0x00007fffd39c0000 - 0x00007fffd39e9000 	C:\WINDOWS\System32\GDI32.dll
0x00007fffcfdd0000 - 0x00007fffcff6a000 	C:\WINDOWS\System32\gdi32full.dll
0x00007fffd0d90000 - 0x00007fffd0e30000 	C:\WINDOWS\System32\msvcp_win.dll
0x00007fffd0e30000 - 0x00007fffd0f2a000 	C:\WINDOWS\System32\ucrtbase.dll
0x00007fffb5500000 - 0x00007fffb5779000 	C:\WINDOWS\WinSxS\amd64_microsoft.windows.common-controls_6595b64144ccf1df_6.0.17763.529_none_05b84068071c8d5a\COMCTL32.dll
0x00007fffd3600000 - 0x00007fffd392c000 	C:\WINDOWS\System32\combase.dll
0x00007fffcff70000 - 0x00007fffcffee000 	C:\WINDOWS\System32\bcryptPrimitives.dll
0x00007fffd3990000 - 0x00007fffd39be000 	C:\WINDOWS\System32\IMM32.DLL
0x0000000053280000 - 0x0000000053352000 	C:\Program Files\Android\Android Studio\jre\jre\bin\msvcr100.dll
0x0000000053400000 - 0x0000000053c41000 	C:\Program Files\Android\Android Studio\jre\jre\bin\server\jvm.dll
0x00007fffd16f0000 - 0x00007fffd16f8000 	C:\WINDOWS\System32\PSAPI.DLL
0x00007fffb7700000 - 0x00007fffb7724000 	C:\WINDOWS\SYSTEM32\WINMM.dll
0x00007fffc8e40000 - 0x00007fffc8e49000 	C:\WINDOWS\SYSTEM32\WSOCK32.dll
0x00007fffd39f0000 - 0x00007fffd3a5d000 	C:\WINDOWS\System32\WS2_32.dll
0x00007fffc7850000 - 0x00007fffc785a000 	C:\WINDOWS\SYSTEM32\VERSION.dll
0x00007fffb76b0000 - 0x00007fffb76dd000 	C:\WINDOWS\SYSTEM32\WINMMBASE.dll
0x00007fffd0200000 - 0x00007fffd024a000 	C:\WINDOWS\System32\cfgmgr32.dll
0x00007fffc87d0000 - 0x00007fffc87df000 	C:\Program Files\Android\Android Studio\jre\jre\bin\verify.dll
0x00007fffa99c0000 - 0x00007fffa99e9000 	C:\Program Files\Android\Android Studio\jre\jre\bin\java.dll
0x00007fffc6c70000 - 0x00007fffc6c86000 	C:\Program Files\Android\Android Studio\jre\jre\bin\zip.dll
0x00007fffd1960000 - 0x00007fffd2e50000 	C:\WINDOWS\System32\SHELL32.dll
0x00007fffd1590000 - 0x00007fffd1638000 	C:\WINDOWS\System32\shcore.dll
0x00007fffd0380000 - 0x00007fffd0aca000 	C:\WINDOWS\System32\windows.storage.dll
0x00007fffcfd20000 - 0x00007fffcfd44000 	C:\WINDOWS\System32\profapi.dll
0x00007fffcfd50000 - 0x00007fffcfdad000 	C:\WINDOWS\System32\powrprof.dll
0x00007fffd3400000 - 0x00007fffd3452000 	C:\WINDOWS\System32\shlwapi.dll
0x00007fffcfd00000 - 0x00007fffcfd11000 	C:\WINDOWS\System32\kernel.appcore.dll
0x00007fffd0360000 - 0x00007fffd0377000 	C:\WINDOWS\System32\cryptsp.dll
0x00007fffac500000 - 0x00007fffac51a000 	C:\Program Files\Android\Android Studio\jre\jre\bin\net.dll
0x00007fffcf520000 - 0x00007fffcf587000 	C:\WINDOWS\system32\mswsock.dll
0x00007fffab470000 - 0x00007fffab481000 	C:\Program Files\Android\Android Studio\jre\jre\bin\nio.dll
0x00007fffb5170000 - 0x00007fffb518e000 	C:\Users\Daud\.gradle\native\25\windows-amd64\native-platform.dll
0x00007fffb4030000 - 0x00007fffb403d000 	C:\Program Files\Android\Android Studio\jre\jre\bin\management.dll
0x00007fffcf0e0000 - 0x00007fffcf113000 	C:\WINDOWS\system32\rsaenh.dll
0x00007fffd01d0000 - 0x00007fffd01f6000 	C:\WINDOWS\System32\bcrypt.dll
0x00007fffcfc30000 - 0x00007fffcfc58000 	C:\WINDOWS\SYSTEM32\USERENV.dll
0x00007fffcf6f0000 - 0x00007fffcf6fc000 	C:\WINDOWS\SYSTEM32\CRYPTBASE.dll
0x00007fffcf280000 - 0x00007fffcf2bd000 	C:\WINDOWS\SYSTEM32\IPHLPAPI.DLL
0x00007fffd3cc0000 - 0x00007fffd3cc8000 	C:\WINDOWS\System32\NSI.dll
0x00007fffc7b00000 - 0x00007fffc7b16000 	C:\WINDOWS\SYSTEM32\dhcpcsvc6.DLL
0x00007fffc8740000 - 0x00007fffc875c000 	C:\WINDOWS\SYSTEM32\dhcpcsvc.DLL
0x00007fffcf2c0000 - 0x00007fffcf386000 	C:\WINDOWS\SYSTEM32\DNSAPI.dll
0x00007fffb2420000 - 0x00007fffb25b8000 	C:\Program Files\Android\Android Studio\jre\jre\bin\awt.dll
0x00007fffd3180000 - 0x00007fffd3244000 	C:\WINDOWS\System32\OLEAUT32.dll
0x00007fffccf10000 - 0x00007fffcd4ce000 	C:\WINDOWS\SYSTEM32\d2d1.dll
0x00007fffcdc80000 - 0x00007fffcdd0c000 	C:\WINDOWS\SYSTEM32\apphelp.dll
0x00007fffce2f0000 - 0x00007fffce31e000 	C:\WINDOWS\system32\DWMAPI.DLL
0x00007fffcfff0000 - 0x00007fffd01cb000 	C:\WINDOWS\System32\CRYPT32.dll
0x00007fffcfdb0000 - 0x00007fffcfdc2000 	C:\WINDOWS\System32\MSASN1.dll
0x00007fffcdee0000 - 0x00007fffcdf7c000 	C:\WINDOWS\system32\uxtheme.dll

VM Arguments:
jvm_args: -Xmx1536m -Dfile.encoding=windows-1252 -Duser.country=US -Duser.language=en -Duser.variant 
java_command: org.gradle.launcher.daemon.bootstrap.GradleDaemon 5.1.1
java_class_path (initial): C:\Users\Daud\.gradle\wrapper\dists\gradle-5.1.1-all\97z1ksx6lirer3kbvdnh7jtjg\gradle-5.1.1\lib\gradle-launcher-5.1.1.jar
Launcher Type: SUN_STANDARD

Environment Variables:
PATH=C:\Program Files (x86)\Common Files\Oracle\Java\javapath;C:\ProgramData\Oracle\Java\javapath;C:\WINDOWS\system32;C:\WINDOWS;C:\WINDOWS\System32\Wbem;C:\WINDOWS\System32\WindowsPowerShell\v1.0\;C:\WINDOWS\System32\OpenSSH\;C:\Program Files\Microsoft SQL Server\110\Tools\Binn\;C:\Program Files\nodejs\;C:\xampp\php;C:\ProgramData\ComposerSetup\bin;C:\Program Files (x86)\Microsoft SQL Server\140\DTS\Binn\;C:\Program Files\Microsoft SQL Server\140\DTS\Binn\;C:\Program Files\Microsoft SQL Server\Client SDK\ODBC\130\Tools\Binn\;C:\Program Files (x86)\Microsoft SQL Server\140\Tools\Binn\;C:\Program Files\Microsoft SQL Server\140\Tools\Binn\;C:\Program Files (x86)\Microsoft SQL Server\Client SDK\ODBC\130\Tools\Binn\;C:\Program Files (x86)\Microsoft SQL Server\140\Tools\Binn\ManagementStudio\;C:\Program Files (x86)\Brackets\command;C:\Program Files (x86)\Windows Kits\8.1\Windows Performance Toolkit\;C:\Users\Daud\AppData\Local\Programs\Python\Python37-32\Scripts\;C:\Users\Daud\AppData\Local\Programs\Python\Python37-32\;C:\Users\Daud\AppData\Local\Microsoft\WindowsApps;;C:\Users\Daud\AppData\Local\Programs\Microsoft VS Code\bin;C:\Users\Daud\AppData\Roaming\npm;C:\Users\Daud\AppData\Roaming\Composer\vendor\bin
USERNAME=Daud
OS=Windows_NT
PROCESSOR_IDENTIFIER=Intel64 Family 6 Model 42 Stepping 7, GenuineIntel



---------------  S Y S T E M  ---------------

OS: Windows 10.0 , 64 bit Build 17763 (10.0.17763.475)

CPU:total 4 (initial active 4) (2 cores per cpu, 2 threads per core) family 6 model 42 stepping 7, cmov, cx8, fxsr, mmx, sse, sse2, sse3, ssse3, sse4.1, sse4.2, popcnt, avx, aes, clmul, ht, tsc, tscinvbit

Memory: 4k page, physical 4072340k(355464k free), swap 16655252k(6416k free)

vm_info: OpenJDK 64-Bit Server VM (25.152-b01) for windows-amd64 JRE (1.8.0_152-release-1343-b01), built by "builder" with MS VC++ 10.0 (VS2010)

time: Mon Jun 10 17:35:13 2019
elapsed time: 282 seconds (0d 0h 4m 42s)

